\BOOKMARK [0][-]{toc.0}{\376\377\003\240\003\225\003\241\003\231\003\225\003\247\003\237\003\234\003\225\003\235\003\221}{}% 1
\BOOKMARK [0][-]{chapter.1}{\376\377\003\225\003\231\003\243\003\221\003\223\003\251\003\223\003\227}{}% 2
\BOOKMARK [1][-]{section.1.1}{\376\377\003\234\003\277\003\301\003\306\003\277\003\300\003\277\003\257\003\267\003\303\003\267\000\040\003\272\003\265\003\271\003\274\003\255\003\275\003\277\003\305}{chapter.1}% 3
\BOOKMARK [2][-]{subsection.1.1.1}{\376\377\003\234\003\255\003\263\003\265\003\270\003\277\003\302\000\040\003\303\003\265\003\273\003\257\003\264\003\261\003\302}{section.1.1}% 4
\BOOKMARK [2][-]{subsection.1.1.2}{\376\377\003\225\003\272\003\304\003\315\003\300\003\311\003\303\003\267\000\040\003\303\003\265\003\273\003\271\003\264\003\316\003\275}{section.1.1}% 5
\BOOKMARK [3][-]{subsubsection.1.1.2.1}{\376\377\003\225\003\272\003\304\003\315\003\300\003\311\003\303\003\267\000\040\003\264\003\271\003\300\003\273\003\256\003\302\000\040\003\314\003\310\003\267\003\302}{subsection.1.1.2}% 6
\BOOKMARK [2][-]{subsection.1.1.3}{\376\377\003\227\003\274\003\265\003\301\003\277\003\274\003\267\003\275\003\257\003\265\003\302}{section.1.1}% 7
\BOOKMARK [2][-]{subsection.1.1.4}{\376\377\003\225\003\276\003\316\003\306\003\305\003\273\003\273\003\277\000\040\003\272\003\261\003\271\000\040\003\265\003\274\003\300\003\301\003\314\003\303\003\270\003\271\003\265\003\302\000\040\003\303\003\265\003\273\003\257\003\264\003\265\003\302}{section.1.1}% 8
\BOOKMARK [2][-]{subsection.1.1.5}{\376\377\0001\003\277\000\040\003\265\003\303\003\316\003\306\003\305\003\273\003\273\003\277\000\040\000\050\003\243\003\265\003\273\003\257\003\264\003\261\000\040\003\265\003\276\003\265\003\304\003\261\003\303\003\304\003\271\003\272\003\256\003\302\000\040\003\265\003\300\003\271\003\304\003\301\003\277\003\300\003\256\003\302\000\051}{section.1.1}% 9
\BOOKMARK [2][-]{subsection.1.1.6}{\376\377\003\240\003\265\003\301\003\257\003\273\003\267\003\310\003\267}{section.1.1}% 10
\BOOKMARK [2][-]{subsection.1.1.7}{\376\377\003\206\003\273\003\273\003\265\003\302\000\040\003\265\003\274\003\300\003\301\003\314\003\303\003\270\003\271\003\265\003\302\000\040\003\303\003\265\003\273\003\257\003\264\003\265\003\302}{section.1.1}% 11
\BOOKMARK [2][-]{subsection.1.1.8}{\376\377\003\221\003\301\003\257\003\270\003\274\003\267\003\303\003\267\000\040\003\303\003\265\003\273\003\257\003\264\003\311\003\275}{section.1.1}% 12
\BOOKMARK [2][-]{subsection.1.1.9}{\376\377\003\234\003\277\003\301\003\306\003\277\003\300\003\277\003\257\003\267\003\303\003\267\000\040\003\303\003\265\003\273\003\257\003\264\003\311\003\275}{section.1.1}% 13
\BOOKMARK [1][-]{section.1.2}{\376\377\003\240\003\261\003\301\003\254\003\264\003\265\003\271\003\263\003\274\003\261\000\040\003\265\003\275\003\314\003\304\003\267\003\304\003\261\003\302}{chapter.1}% 14
\BOOKMARK [2][-]{subsection.1.2.1}{\376\377\003\240\003\261\003\301\003\254\003\264\003\265\003\271\003\263\003\274\003\261\000\040\003\305\003\300\003\277\003\265\003\275\003\314\003\304\003\267\003\304\003\261\003\302}{section.1.2}% 15
\BOOKMARK [3][-]{subsubsection.1.2.1.1}{\376\377\003\240\003\261\003\301\003\254\003\264\003\265\003\271\003\263\003\274\003\261\000\040\003\305\003\300\003\277\003\305\003\300\003\277\003\265\003\275\003\314\003\304\003\267\003\304\003\261\003\302}{subsection.1.2.1}% 16
\BOOKMARK [0][-]{chapter.2}{\376\377\003\234\003\231\003\221\000\040\003\243\003\245\003\235\003\244\003\237\003\234\003\227\000\040\003\221\003\235\003\221\003\246\003\237\003\241\003\221\000\040\003\243\003\244\003\237\000\040\000L\000a\000T\000e\000X}{}% 17
\BOOKMARK [1][-]{section.2.1}{\376\377\003\225\003\263\003\272\003\261\003\304\003\254\003\303\003\304\003\261\003\303\003\267\000\040\003\304\003\277\003\305\000\040\000L\000a\000T\000e\000X}{chapter.2}% 18
\BOOKMARK [1][-]{section.2.2}{\376\377\003\225\003\300\003\265\003\276\003\265\003\301\003\263\003\261\003\303\003\257\003\261}{chapter.2}% 19
\BOOKMARK [1][-]{section.2.3}{\376\377\003\234\003\265\003\304\003\261\003\263\003\273\003\316\003\304\003\304\003\271\003\303\003\267}{chapter.2}% 20
\BOOKMARK [1][-]{section.2.4}{\376\377\003\234\003\277\003\301\003\306\003\277\003\300\003\277\003\257\003\267\003\303\003\267}{chapter.2}% 21
\BOOKMARK [2][-]{subsection.2.4.1}{\376\377\003\244\003\261\000\040\003\262\003\261\003\303\003\271\003\272\003\254}{section.2.4}% 22
\BOOKMARK [2][-]{subsection.2.4.2}{\376\377\003\224\003\271\003\261\003\306\003\305\003\263\003\256\000\040\003\265\003\271\003\264\003\271\003\272\003\316\003\275\000\040\003\307\003\261\003\301\003\261\003\272\003\304\003\256\003\301\003\311\003\275}{section.2.4}% 23
\BOOKMARK [2][-]{subsection.2.4.3}{\376\377\003\265\003\275\003\304\003\277\003\273\003\255\003\302\000\040\003\274\003\277\003\301\003\306\003\277\003\300\003\277\003\257\003\267\003\303\003\267\003\302}{section.2.4}% 24
\BOOKMARK [2][-]{subsection.2.4.4}{\376\377\003\240\003\301\003\277\003\303\003\270\003\256\003\272\003\267\000\040\003\274\003\261\003\270\003\267\003\274\003\261\003\304\003\271\003\272\003\316\003\275\000\040\003\265\003\276\003\271\003\303\003\316\003\303\003\265\003\311\003\275}{section.2.4}% 25
\BOOKMARK [0][-]{chapter.3}{\376\377\003\225\003\231\003\232\003\237\003\235\003\225\003\243\000\040\003\232\003\221\003\231\000\040\003\240\003\231\003\235\003\221\003\232\003\225\003\243}{}% 26
\BOOKMARK [1][-]{section.3.1}{\376\377\003\225\003\271\003\303\003\261\003\263\003\311\003\263\003\256\000\040\003\300\003\271\003\275\003\254\003\272\003\311\003\275}{chapter.3}% 27
\BOOKMARK [1][-]{section.3.2}{\376\377\003\225\003\271\003\303\003\261\003\263\003\311\003\263\003\256\000\040\003\265\003\271\003\272\003\314\003\275\003\311\003\275}{chapter.3}% 28
\BOOKMARK [0][-]{chapter*.12}{\376\377\003\243\003\245\003\235\003\244\003\234\003\227\003\243\003\225\003\231\003\243\000\040\040\023\000\040\003\221\003\241\003\232\003\244\003\231\003\232\003\237\003\233\003\225\003\236\003\221\000\040\040\023\000\040\003\221\003\232\003\241\003\251\003\235\003\245\003\234\003\231\003\221}{}% 29
\BOOKMARK [0][-]{appendix.Alph1}{\376\377\003\240\003\221\003\241\003\221\003\241\003\244\003\227\003\234\003\221\000\040\003\221}{}% 30
\BOOKMARK [0][-]{appendix.Alph2}{\376\377\003\240\003\221\003\241\003\221\003\241\003\244\003\227\003\234\003\221\000\040\003\222}{}% 31
\BOOKMARK [0][-]{section*.13}{\376\377\003\240\003\221\003\241\003\221\003\241\003\244\003\227\003\234\003\221\003\244\003\221}{}% 32
\BOOKMARK [0][-]{appendix*.14}{\376\377\003\221\003\235\003\221\003\246\003\237\003\241\003\225\003\243}{}% 33
