\BOOKMARK [0][-]{toc.0}{\376\377\000C\000O\000N\000T\000E\000N\000T\000S}{}% 1
\BOOKMARK [0][-]{chapter.1}{\376\377\000I\000n\000t\000r\000o\000d\000u\000c\000t\000i\000o\000n}{}% 2
\BOOKMARK [1][-]{section.1.1}{\376\377\000M\000i\000c\000r\000o\000R\000N\000A\000s}{chapter.1}% 3
\BOOKMARK [2][-]{subsection.1.1.1}{\376\377\000B\000i\000o\000g\000e\000n\000e\000s\000i\000s}{section.1.1}% 4
\BOOKMARK [2][-]{subsection.1.1.2}{\376\377\000T\000a\000r\000g\000e\000t\000\040\000B\000i\000n\000d\000i\000n\000g}{section.1.1}% 5
\BOOKMARK [2][-]{subsection.1.1.3}{\376\377\000A\000d\000d\000i\000t\000i\000o\000n\000a\000l\000\040\000m\000e\000c\000h\000a\000n\000i\000s\000m\000s\000\040\000o\000f\000\040\000a\000c\000t\000i\000o\000n}{section.1.1}% 6
\BOOKMARK [2][-]{subsection.1.1.4}{\376\377\000R\000o\000l\000e\000s\000\040\000i\000n\000\040\000P\000h\000y\000s\000i\000o\000l\000o\000g\000y\000\040\000a\000n\000d\000\040\000D\000i\000s\000e\000a\000s\000e}{section.1.1}% 7
\BOOKMARK [2][-]{subsection.1.1.5}{\376\377\000H\000i\000g\000h\000-\000t\000h\000r\000o\000u\000g\000h\000p\000u\000t\000\040\000s\000e\000q\000u\000e\000n\000c\000i\000n\000g\000\040\000m\000e\000t\000h\000o\000d\000s\000\040\000f\000o\000r\000\040\000m\000i\000R\000N\000A\000\040\000r\000e\000s\000e\000a\000r\000c\000h}{section.1.1}% 8
\BOOKMARK [1][-]{section.1.2}{\376\377\000m\000i\000R\000N\000A\000\040\000T\000a\000r\000g\000e\000t\000\040\000P\000r\000e\000d\000i\000c\000t\000i\000o\000n\000\040\000A\000l\000g\000o\000r\000i\000t\000h\000m\000s}{chapter.1}% 9
\BOOKMARK [2][-]{subsection.1.2.1}{\376\377\000S\000i\000t\000e\000\040\000L\000e\000v\000e\000l\000\040\000p\000r\000e\000d\000i\000c\000t\000o\000r\000s}{section.1.2}% 10
\BOOKMARK [2][-]{subsection.1.2.2}{\376\377\000F\000u\000n\000c\000t\000i\000o\000n\000a\000l\000\040\000a\000n\000d\000\040\000P\000a\000t\000h\000w\000a\000y\000\040\000L\000e\000v\000e\000l\000\040\000p\000r\000e\000d\000i\000c\000t\000o\000r\000s}{section.1.2}% 11
\BOOKMARK [2][-]{subsection.1.2.3}{\376\377\000M\000a\000i\000n\000\040\000G\000o\000a\000l}{section.1.2}% 12
\BOOKMARK [0][-]{chapter.2}{\376\377\000M\000e\000t\000h\000o\000d\000s}{}% 13
\BOOKMARK [1][-]{section.2.1}{\376\377\000D\000a\000t\000a\000\040\000p\000r\000e\000p\000r\000o\000c\000e\000s\000s\000i\000n\000g}{chapter.2}% 14
\BOOKMARK [1][-]{section.2.2}{\376\377\000P\000r\000e\000d\000i\000c\000t\000i\000v\000e\000\040\000M\000o\000d\000e\000l\000s}{chapter.2}% 15
\BOOKMARK [2][-]{subsection.2.2.1}{\376\377\000A\000u\000t\000o\000g\000l\000u\000o\000n}{section.2.2}% 16
\BOOKMARK [2][-]{subsection.2.2.2}{\376\377\000T\000r\000a\000n\000s\000f\000o\000r\000m\000e\000r\000s}{section.2.2}% 17
\BOOKMARK [2][-]{subsection.2.2.3}{\376\377\000M\000a\000m\000b\000a}{section.2.2}% 18
\BOOKMARK [1][-]{section.2.3}{\376\377\000F\000e\000a\000t\000u\000r\000e\000\040\000E\000n\000g\000i\000n\000e\000e\000r\000i\000n\000g}{chapter.2}% 19
\BOOKMARK [2][-]{subsection.2.3.1}{\376\377\000A\000u\000t\000o\000g\000l\000u\000o\000n}{section.2.3}% 20
\BOOKMARK [2][-]{subsection.2.3.2}{\376\377\000L\000a\000n\000g\000u\000a\000g\000e\000\040\000M\000o\000d\000e\000l\000s}{section.2.3}% 21
\BOOKMARK [1][-]{section.2.4}{\376\377\000F\000e\000a\000t\000u\000r\000e\000\040\000I\000m\000p\000o\000r\000t\000a\000n\000c\000e}{chapter.2}% 22
\BOOKMARK [2][-]{subsection.2.4.1}{\376\377\000G\000l\000o\000b\000a\000l\000\040\000I\000n\000t\000e\000r\000p\000r\000e\000t\000a\000b\000i\000l\000i\000t\000y\000:\000\040\000P\000e\000r\000m\000u\000t\000a\000t\000i\000o\000n\000\040\000F\000e\000a\000t\000u\000r\000e\000\040\000I\000m\000p\000o\000r\000t\000a\000n\000c\000e\000\040\000i\000n\000\040\000A\000u\000t\000o\000G\000l\000u\000o\000n}{section.2.4}% 23
\BOOKMARK [2][-]{subsection.2.4.2}{\376\377\000L\000o\000c\000a\000l\000\040\000I\000n\000t\000e\000r\000p\000r\000e\000t\000a\000b\000i\000l\000i\000t\000y\000:\000\040\000S\000H\000a\000p\000l\000e\000y\000\040\000A\000d\000d\000i\000t\000i\000v\000e\000\040\000e\000x\000P\000l\000a\000n\000a\000t\000i\000o\000n\000s\000\040\000\050\000S\000H\000A\000P\000\051}{section.2.4}% 24
\BOOKMARK [0][-]{chapter.3}{\376\377\000R\000e\000s\000u\000l\000t\000s}{}% 25
\BOOKMARK [1][-]{section.3.1}{\376\377\000L\000a\000n\000g\000u\000a\000g\000e\000\040\000M\000o\000d\000e\000l\000s}{chapter.3}% 26
\BOOKMARK [1][-]{section.3.2}{\376\377\000A\000u\000t\000o\000g\000l\000u\000o\000n}{chapter.3}% 27
\BOOKMARK [0][-]{chapter.4}{\376\377\000F\000I\000G\000U\000R\000E\000S\000\040\000A\000N\000D\000\040\000T\000A\000B\000L\000E\000S}{}% 28
\BOOKMARK [1][-]{section.4.1}{\376\377\000I\000n\000s\000e\000r\000t\000i\000n\000g\000\040\000t\000a\000b\000l\000e\000s}{chapter.4}% 29
\BOOKMARK [1][-]{section.4.2}{\376\377\000I\000n\000s\000e\000r\000t\000i\000n\000g\000\040\000f\000i\000g\000u\000r\000e\000s}{chapter.4}% 30
\BOOKMARK [0][-]{chapter*.24}{\376\377\000A\000B\000B\000R\000E\000V\000I\000A\000T\000I\000O\000N\000S\000\040\000-\000\040\000A\000C\000R\000O\000N\000Y\000M\000S}{}% 31
\BOOKMARK [0][-]{appendix.A}{\376\377\000F\000I\000R\000S\000T\000\040\000A\000P\000P\000E\000N\000D\000I\000X}{}% 32
\BOOKMARK [0][-]{appendix.B}{\376\377\000S\000E\000C\000O\000N\000D\000\040\000A\000P\000P\000E\000N\000D\000I\000X}{}% 33
\BOOKMARK [0][-]{section*.25}{\376\377\000A\000P\000P\000E\000N\000D\000I\000C\000E\000S}{}% 34
