\BOOKMARK [0][-]{toc.0}{\376\377\000C\000O\000N\000T\000E\000N\000T\000S}{}% 1
\BOOKMARK [0][-]{chapter.1}{\376\377\000I\000N\000T\000R\000O\000D\000U\000C\000T\000I\000O\000N}{}% 2
\BOOKMARK [1][-]{section.1.1}{\376\377\000T\000e\000x\000t\000\040\000f\000o\000r\000m\000a\000t\000t\000i\000n\000g}{chapter.1}% 3
\BOOKMARK [2][-]{subsection.1.1.1}{\376\377\000P\000a\000g\000e\000\040\000s\000i\000z\000e}{section.1.1}% 4
\BOOKMARK [2][-]{subsection.1.1.2}{\376\377\000P\000r\000i\000n\000t\000i\000n\000g\000\040\000p\000a\000g\000e\000s}{section.1.1}% 5
\BOOKMARK [3][-]{subsubsection.1.1.2.1}{\376\377\000T\000w\000o\000-\000s\000i\000d\000e\000d\000\040\000p\000r\000i\000n\000t\000i\000n\000g}{subsection.1.1.2}% 6
\BOOKMARK [2][-]{subsection.1.1.3}{\376\377\000D\000a\000t\000e\000s}{section.1.1}% 7
\BOOKMARK [2][-]{subsection.1.1.4}{\376\377\000C\000o\000v\000e\000r\000\040\000a\000n\000d\000\040\000f\000r\000o\000n\000t\000\040\000m\000a\000t\000t\000e\000r\000\040\000p\000a\000g\000e\000s}{section.1.1}% 8
\BOOKMARK [2][-]{subsection.1.1.5}{\376\377\0002\000n\000d\000\040\000f\000r\000o\000n\000t\000\040\000m\000a\000t\000t\000e\000r\000\040\000p\000a\000g\000e\000\040\000\050\000E\000x\000a\000m\000i\000n\000a\000t\000i\000o\000n\000\040\000c\000o\000m\000m\000i\000t\000t\000e\000e\000\040\000p\000a\000g\000e\000\051}{section.1.1}% 9
\BOOKMARK [2][-]{subsection.1.1.6}{\376\377\000A\000b\000s\000t\000r\000a\000c\000t}{section.1.1}% 10
\BOOKMARK [2][-]{subsection.1.1.7}{\376\377\000O\000t\000h\000e\000r\000\040\000f\000r\000o\000n\000t\000\040\000m\000a\000t\000t\000e\000r\000\040\000p\000a\000g\000e\000s}{section.1.1}% 11
\BOOKMARK [2][-]{subsection.1.1.8}{\376\377\000P\000a\000g\000e\000\040\000n\000u\000m\000b\000e\000r\000i\000n\000g}{section.1.1}% 12
\BOOKMARK [2][-]{subsection.1.1.9}{\376\377\000P\000a\000g\000e\000\040\000f\000o\000r\000m\000a\000t\000t\000i\000n\000g}{section.1.1}% 13
\BOOKMARK [1][-]{section.1.2}{\376\377\000S\000a\000m\000p\000l\000e\000\040\000s\000e\000c\000t\000i\000o\000n}{chapter.1}% 14
\BOOKMARK [2][-]{subsection.1.2.1}{\376\377\000S\000a\000m\000p\000l\000e\000\040\000S\000u\000b\000s\000e\000c\000t\000i\000o\000n}{section.1.2}% 15
\BOOKMARK [3][-]{subsubsection.1.2.1.1}{\376\377\000S\000a\000m\000p\000l\000e\000\040\000s\000u\000b\000s\000u\000b\000s\000e\000c\000t\000i\000o\000n}{subsection.1.2.1}% 16
\BOOKMARK [0][-]{chapter.2}{\376\377\000A\000\040\000B\000R\000I\000E\000F\000\040\000I\000N\000T\000R\000O\000D\000U\000C\000T\000I\000O\000N\000\040\000T\000O\000\040\000L\000a\000T\000e\000X}{}% 17
\BOOKMARK [1][-]{section.2.1}{\376\377\000I\000n\000s\000t\000a\000l\000l\000i\000n\000g\000\040\000L\000a\000T\000e\000X}{chapter.2}% 18
\BOOKMARK [1][-]{section.2.2}{\376\377\000E\000d\000i\000t\000i\000n\000g}{chapter.2}% 19
\BOOKMARK [1][-]{section.2.3}{\376\377\000C\000o\000m\000p\000i\000l\000i\000n\000g}{chapter.2}% 20
\BOOKMARK [1][-]{section.2.4}{\376\377\000F\000o\000r\000m\000a\000t\000t\000i\000n\000g}{chapter.2}% 21
\BOOKMARK [2][-]{subsection.2.4.1}{\376\377\000B\000a\000s\000i\000c\000s}{section.2.4}% 22
\BOOKMARK [2][-]{subsection.2.4.2}{\376\377\000E\000s\000c\000a\000p\000i\000n\000g}{section.2.4}% 23
\BOOKMARK [2][-]{subsection.2.4.3}{\376\377\000F\000o\000r\000m\000a\000t\000t\000i\000n\000g\000\040\000c\000o\000m\000m\000a\000n\000d\000s}{section.2.4}% 24
\BOOKMARK [2][-]{subsection.2.4.4}{\376\377\000A\000d\000d\000i\000n\000g\000\040\000m\000a\000t\000h\000\040\000e\000q\000u\000a\000t\000i\000o\000n\000s}{section.2.4}% 25
\BOOKMARK [0][-]{chapter.3}{\376\377\000F\000I\000G\000U\000R\000E\000S\000\040\000A\000N\000D\000\040\000T\000A\000B\000L\000E\000S}{}% 26
\BOOKMARK [1][-]{section.3.1}{\376\377\000I\000n\000s\000e\000r\000t\000i\000n\000g\000\040\000t\000a\000b\000l\000e\000s}{chapter.3}% 27
\BOOKMARK [1][-]{section.3.2}{\376\377\000I\000n\000s\000e\000r\000t\000i\000n\000g\000\040\000f\000i\000g\000u\000r\000e\000s}{chapter.3}% 28
\BOOKMARK [0][-]{chapter*.12}{\376\377\000A\000B\000B\000R\000E\000V\000I\000A\000T\000I\000O\000N\000S\000\040\000-\000\040\000A\000C\000R\000O\000N\000Y\000M\000S}{}% 29
\BOOKMARK [0][-]{appendix.A}{\376\377\000F\000I\000R\000S\000T\000\040\000A\000P\000P\000E\000N\000D\000I\000X}{}% 30
\BOOKMARK [0][-]{appendix.B}{\376\377\000S\000E\000C\000O\000N\000D\000\040\000A\000P\000P\000E\000N\000D\000I\000X}{}% 31
\BOOKMARK [0][-]{section*.13}{\376\377\000A\000P\000P\000E\000N\000D\000I\000C\000E\000S}{}% 32
\BOOKMARK [0][-]{appendix*.14}{\376\377\000R\000E\000F\000E\000R\000E\000N\000C\000E\000S}{}% 33
